2025-07-29T11:14:57: 
> start
> next start

2025-07-29T11:33:28: 
> start
> next start

2025-07-31T08:13:43: 
> start
> next start

2025-07-31T08:18:32: 
> start
> next start

2025-07-31T08:19:21: 
> start
> next start

2025-07-31T08:23:53: 
> start
> next start

2025-07-31T08:27:01: 
> start
> next start

2025-07-31T08:31:26: 
> start
> next start

2025-07-31T17:04:38: 
> start
> next start

2025-07-31T17:19:12: 
> start
> next start

2025-07-31T17:25:02: 
> start
> next start

2025-07-31T17:28:52: 
> start
> next start

2025-07-31T17:29:50: 
> start
> next start

2025-07-31T17:45:31: 
> start
> next start

2025-07-31T18:21:40: 
> start
> next start

2025-07-31T18:33:22: 
> start
> next start

2025-07-31T18:36:32: 
> start
> next start

2025-07-31T18:45:38: 
> start
> next start

2025-08-02T09:54:59: 
> start
> next start

2025-08-02T18:10:19: 
> start
> next start

2025-08-02T18:15:38: 
> start
> next start

2025-08-02T18:16:44: 
> start
> next start

2025-08-02T18:18:09: 
> start
> next start

2025-08-02T18:21:22: 
> start
> next start

2025-08-02T18:21:54: 
> start
> next start

2025-08-02T18:22:29: 
> start
> next start

2025-08-02T18:26:01: 
> start
> next start

2025-08-02T18:26:02: 2025-08-02T18:26:03: 
> start
> next start

2025-08-02T18:26:03: 2025-08-02T18:26:04: 
> start
> next start

2025-08-02T18:26:04: 2025-08-02T18:26:05: 
> start
> next start

2025-08-02T18:26:05: 2025-08-02T18:26:06: 
> start
> next start

2025-08-02T18:26:07: 2025-08-02T18:26:07: 
> start
> next start

2025-08-02T18:26:08: 2025-08-02T18:26:08: 
> start
> next start

2025-08-02T18:26:09: 2025-08-02T18:26:09: 2025-08-02T18:26:09: 
> start
> next start

2025-08-02T18:26:10: 2025-08-02T18:26:10: 
> start
> next start

2025-08-02T18:26:11: 2025-08-02T18:26:11: 
> start
> next start

2025-08-02T18:26:12: 2025-08-02T18:26:12: 
> start
> next start

2025-08-02T18:26:13: 2025-08-02T18:26:13: 
> start
> next start

2025-08-02T18:26:14: 2025-08-02T18:26:14: 
> start
> next start

2025-08-02T18:26:15: 2025-08-02T18:26:15: 
> start
> next start

2025-08-02T18:26:16: 2025-08-02T18:26:16: 
> start
> next start

2025-08-02T18:26:17: 2025-08-02T18:26:17: 
> start
> next start

2025-08-02T18:26:18: 2025-08-02T18:26:18: 
> start
> next start

2025-08-02T18:26:19: 2025-08-02T18:26:19: 
> start
> next start

2025-08-02T18:26:20: 2025-08-02T18:26:20: 
> start
> next start

2025-08-02T18:26:21: 2025-08-02T18:26:21: 
> start
> next start

2025-08-02T18:26:22: 2025-08-02T18:26:22: 
> start
> next start

2025-08-02T18:26:23: 2025-08-02T18:26:23: 
> start
> next start

2025-08-02T18:26:24: 2025-08-02T18:26:24: 
> start
> next start

2025-08-02T18:26:25: 2025-08-02T18:26:25: 
> start
> next start

2025-08-02T18:26:26: 2025-08-02T18:26:26: 
> start
> next start

2025-08-02T18:26:27: 2025-08-02T18:26:27: 
> start
> next start

2025-08-02T18:26:28: 2025-08-02T18:26:29: 
> start
> next start

2025-08-02T18:26:29: 2025-08-02T18:26:30: 
> start
> next start

2025-08-02T18:26:30: 2025-08-02T18:26:31: 
> start
> next start

2025-08-02T18:26:31: 2025-08-02T18:26:32: 
> start
> next start

2025-08-02T18:26:32: 2025-08-02T18:26:33: 
> start
> next start

2025-08-02T18:26:33: 2025-08-02T18:26:34: 
> start
> next start

2025-08-02T18:26:34: 2025-08-02T18:26:35: 
> start
> next start

2025-08-02T18:26:35: 2025-08-02T18:26:36: 
> start
> next start

2025-08-02T18:26:36: 2025-08-02T18:26:37: 
> start
> next start

2025-08-02T18:26:38: 2025-08-02T18:26:38: 
> start
> next start

2025-08-02T18:26:39: 2025-08-02T18:26:39: 
> start
> next start

2025-08-02T18:26:40: 2025-08-02T18:26:40: 
> start
> next start

2025-08-02T18:26:41: 2025-08-02T18:26:41: 
> start
> next start

2025-08-02T18:26:42: 2025-08-02T18:26:42: 
> start
> next start

2025-08-02T18:26:43: 2025-08-02T18:26:43: 
> start
> next start

2025-08-02T18:26:44: 2025-08-02T18:26:44: 
> start
> next start

2025-08-02T18:26:45: 2025-08-02T18:26:45: 
> start
> next start

2025-08-02T18:26:46: 2025-08-02T18:26:46: 
> start
> next start

2025-08-02T18:26:47: 2025-08-02T18:26:47: 2025-08-02T18:26:47: 
> start
> next start

2025-08-02T18:26:48: 2025-08-02T18:26:48: 
> start
> next start

2025-08-02T18:26:49: 2025-08-02T18:26:49: 
> start
> next start

2025-08-02T18:26:50: 2025-08-02T18:26:50: 
> start
> next start

2025-08-02T18:26:51: 2025-08-02T18:26:51: 
> start
> next start

2025-08-02T18:26:52: 2025-08-02T18:26:52: 
> start
> next start

2025-08-02T18:26:53: 2025-08-02T18:26:53: 2025-08-02T18:26:53: 
> start
> next start

2025-08-02T18:26:54: 2025-08-02T18:26:54: 
> start
> next start

2025-08-02T18:26:55: 2025-08-02T18:26:55: 
> start
> next start

2025-08-02T18:26:56: 2025-08-02T18:26:56: 
> start
> next start

2025-08-02T18:26:57: 2025-08-02T18:26:57: 
> start
> next start

2025-08-02T18:26:58: 2025-08-02T18:26:59: 
> start
> next start

2025-08-02T18:26:59: 2025-08-02T18:27:00: 
> start
> next start

2025-08-02T18:27:00: 2025-08-02T18:27:01: 
> start
> next start

2025-08-02T18:27:01: 2025-08-02T18:27:02: 
> start
> next start

2025-08-02T18:27:02: 2025-08-02T18:27:03: 
> start
> next start

2025-08-02T18:27:03: 2025-08-02T18:27:04: 
> start
> next start

2025-08-02T18:27:04: 2025-08-02T18:27:05: 
> start
> next start

2025-08-02T18:27:05: 2025-08-02T18:27:06: 
> start
> next start

2025-08-02T18:27:06: 2025-08-02T18:27:07: 
> start
> next start

2025-08-02T18:27:07: 2025-08-02T18:27:08: 
> start
> next start

2025-08-02T18:27:08: 2025-08-02T18:27:09: 
> start
> next start

2025-08-02T18:27:09: 2025-08-02T18:27:09: 2025-08-02T18:27:10: 
> start
> next start

2025-08-02T18:27:10: 2025-08-02T18:27:11: 
> start
> next start

2025-08-02T18:27:11: 2025-08-02T18:27:12: 
> start
> next start

2025-08-02T18:27:12: 2025-08-02T18:27:13: 
> start
> next start

2025-08-02T18:27:13: 2025-08-02T18:27:14: 
> start
> next start

2025-08-02T18:27:14: 2025-08-02T18:27:15: 
> start
> next start

2025-08-02T18:27:15: 2025-08-02T18:27:16: 
> start
> next start

2025-08-02T18:27:16: 2025-08-02T18:27:17: 
> start
> next start

2025-08-02T18:27:18: 2025-08-02T18:27:18: 2025-08-02T18:27:18: 
> start
> next start

2025-08-02T18:27:19: 2025-08-02T18:27:19: 
> start
> next start

2025-08-02T18:27:20: 2025-08-02T18:27:20: 
> start
> next start

2025-08-02T18:27:21: 2025-08-02T18:27:21: 
> start
> next start

2025-08-02T18:27:22: 2025-08-02T18:27:22: 
> start
> next start

2025-08-02T18:27:23: 2025-08-02T18:27:23: 
> start
> next start

2025-08-02T18:27:24: 2025-08-02T18:27:24: 
> start
> next start

2025-08-02T18:27:25: 2025-08-02T18:27:25: 
> start
> next start

2025-08-02T18:27:26: 2025-08-02T18:27:26: 
> start
> next start

2025-08-02T18:27:27: 2025-08-02T18:27:27: 
> start
> next start

2025-08-02T18:27:28: 2025-08-02T18:27:28: 
> start
> next start

2025-08-02T18:27:29: 2025-08-02T18:27:29: 
> start
> next start

2025-08-02T18:27:30: 2025-08-02T18:27:30: 
> start
> next start

2025-08-02T18:27:31: 2025-08-02T18:27:31: 
> start
> next start

2025-08-02T18:27:32: 2025-08-02T18:27:32: 
> start
> next start

2025-08-02T18:27:33: 2025-08-02T18:27:33: 
> start
> next start

2025-08-02T18:27:34: 2025-08-02T18:27:34: 
> start
> next start

2025-08-02T18:27:35: 2025-08-02T18:27:35: 
> start
> next start

2025-08-02T18:27:36: 2025-08-02T18:27:36: 
> start
> next start

2025-08-02T18:27:37: 2025-08-02T18:27:38: 
> start
> next start

2025-08-02T18:27:39: 2025-08-02T18:27:39: 
> start
> next start

2025-08-02T18:27:40: 2025-08-02T18:27:40: 
> start
> next start

2025-08-02T18:27:41: 2025-08-02T18:27:41: 
> start
> next start

2025-08-02T18:27:42: 2025-08-02T18:27:42: 
> start
> next start

2025-08-02T18:27:43: 2025-08-02T18:28:14: 
> start
> next start

2025-08-02T18:37:18: 
> start
> next start

2025-08-02T18:41:33: 
> start
> next start

2025-08-02T18:44:23: 
> start
> next start

2025-08-02T18:48:38: 
> start
> next start

